<?xml version="1.0" encoding="UTF-8"?>
<!-- Generated by org.testng.reporters.JUnitReportReporter -->
<testsuite hostname="DESKTOP-HBHH88V" failures="0" tests="1" name="login.LoginTest" time="0.348" errors="0" timestamp="20 May 2025 05:20:36 GMT" skipped="0">
  <testcase classname="login.LoginTest" name="lastname" time="0.348"/>
</testsuite> <!-- login.LoginTest -->
